<?xml version="1.0" encoding="UTF-8"?>
<!-- Generated by org.testng.reporters.JUnitReportReporter -->
<testsuite hostname="Administrator" failures="0" tests="1" name="test.PractiveFormTest" time="10.058" errors="0" timestamp="2024-03-06T19:17:41 ICT" skipped="0">
  <testcase classname="test.PractiveFormTest" name="submitDataSuccessfully" time="10.058"/>
  <system-out/>
</testsuite> <!-- test.PractiveFormTest -->
